[O2/latest-dev-o2] ~/test_recon/run517623 $> o2-raw-tf-reader-workflow --input-data tf5.lst --onlyDet HMP -b
[INFO] Initialising O2 Data Processing Layer. Driver PID: 26056.
[INFO] Driver listening on port: 34136
[INFO] Rate limiting set up at 500MB distributed over 1 readers
[INFO] O2 Data Processing Layer initialised. We brake for nobody.
[INFO] Optimised build. O2DEBUG / LOG(debug) / LOGF(debug) / assert statement will not be shown.
[INFO] Redeployment of configuration asked.
[INFO] Starting internal-dpl-clock on pid 26073
[INFO] Starting tf-reader on pid 26074
[INFO] Starting internal-dpl-injected-dummy-sink on pid 26075
[INFO] Redeployment of configuration done.
[26074:tf-reader]: [INFO] Instrumenting crash signals
[26074:tf-reader]: [INFO] Spawing new device tf-reader in process with pid 26074
[26074:tf-reader]: [05:09:33][INFO] 
[26074:tf-reader]:       ______      _    _______  _________ 
[26074:tf-reader]:      / ____/___ _(_)_______   |/  /_  __ \    version 1.4.55
[26074:tf-reader]:     / /_  / __ `/ / ___/__  /|_/ /_  / / /    build RELWITHDEBINFO
[26074:tf-reader]:    / __/ / /_/ / / /    _  /  / / / /_/ /     https://github.com/FairRootGroup/FairMQ
[26074:tf-reader]:   /_/    \__,_/_/_/     /_/  /_/  \___\_\     LGPL-3.0  © 2012-2022 GSI
[26074:tf-reader]: 
[26074:tf-reader]: [05:09:33][STATE] Starting FairMQ state machine --> IDLE
[26074:tf-reader]: [05:09:33][STATE] IDLE ---> INITIALIZING DEVICE
[26073:internal-dpl-clock]: [INFO] Instrumenting crash signals
[26073:internal-dpl-clock]: [INFO] Spawing new device internal-dpl-clock in process with pid 26073
[26073:internal-dpl-clock]: [05:09:33][INFO] 
[26073:internal-dpl-clock]:       ______      _    _______  _________ 
[26073:internal-dpl-clock]:      / ____/___ _(_)_______   |/  /_  __ \    version 1.4.55
[26073:internal-dpl-clock]:     / /_  / __ `/ / ___/__  /|_/ /_  / / /    build RELWITHDEBINFO
[26073:internal-dpl-clock]:    / __/ / /_/ / / /    _  /  / / / /_/ /     https://github.com/FairRootGroup/FairMQ
[26073:internal-dpl-clock]:   /_/    \__,_/_/_/     /_/  /_/  \___\_\     LGPL-3.0  © 2012-2022 GSI
[26073:internal-dpl-clock]: 
[26073:internal-dpl-clock]: [05:09:33][STATE] Starting FairMQ state machine --> IDLE
[26075:internal-dpl-injected-dummy-sink]: [INFO] Instrumenting crash signals
[26073:internal-dpl-clock]: [05:09:33][STATE] IDLE ---> INITIALIZING DEVICE
[26075:internal-dpl-injected-dummy-sink]: [INFO] Spawing new device internal-dpl-injected-dummy-sink in process with pid 26075
[26075:internal-dpl-injected-dummy-sink]: [05:09:33][INFO] 
[26075:internal-dpl-injected-dummy-sink]:       ______      _    _______  _________ 
[26075:internal-dpl-injected-dummy-sink]:      / ____/___ _(_)_______   |/  /_  __ \    version 1.4.55
[26075:internal-dpl-injected-dummy-sink]:     / /_  / __ `/ / ___/__  /|_/ /_  / / /    build RELWITHDEBINFO
[26075:internal-dpl-injected-dummy-sink]:    / __/ / /_/ / / /    _  /  / / / /_/ /     https://github.com/FairRootGroup/FairMQ
[26075:internal-dpl-injected-dummy-sink]:   /_/    \__,_/_/_/     /_/  /_/  \___\_\     LGPL-3.0  © 2012-2022 GSI
[26075:internal-dpl-injected-dummy-sink]: 
[26075:internal-dpl-injected-dummy-sink]: [05:09:33][STATE] Starting FairMQ state machine --> IDLE
[26073:internal-dpl-clock]: [05:09:33][STATE] INITIALIZING DEVICE ---> INITIALIZED
[26073:internal-dpl-clock]: [05:09:33][STATE] INITIALIZED ---> BINDING
[26073:internal-dpl-clock]: [05:09:33][STATE] BINDING ---> BOUND
[26073:internal-dpl-clock]: [05:09:33][STATE] BOUND ---> CONNECTING
[26073:internal-dpl-clock]: [05:09:33][STATE] CONNECTING ---> DEVICE READY
[26073:internal-dpl-clock]: [05:09:33][STATE] DEVICE READY ---> INITIALIZING TASK
[26073:internal-dpl-clock]: [05:09:33][STATE] INITIALIZING TASK ---> READY
[26073:internal-dpl-clock]: [05:09:33][STATE] READY ---> RUNNING
[26073:internal-dpl-clock]: [05:09:33][INFO] fair::mq::Device running...
[26073:internal-dpl-clock]: [05:09:33][INFO] LHCPeriod is not available, using current month DEC
[26073:internal-dpl-clock]: [05:09:33][INFO] Correctly handshaken websocket connection.
[26075:internal-dpl-injected-dummy-sink]: [05:09:33][STATE] IDLE ---> INITIALIZING DEVICE
[26075:internal-dpl-injected-dummy-sink]: [05:09:33][STATE] INITIALIZING DEVICE ---> INITIALIZED
[26075:internal-dpl-injected-dummy-sink]: [05:09:33][STATE] INITIALIZED ---> BINDING
[26075:internal-dpl-injected-dummy-sink]: [05:09:33][STATE] BINDING ---> BOUND
[26075:internal-dpl-injected-dummy-sink]: [05:09:33][STATE] BOUND ---> CONNECTING
[26075:internal-dpl-injected-dummy-sink]: [05:09:33][STATE] CONNECTING ---> DEVICE READY
[26075:internal-dpl-injected-dummy-sink]: [05:09:33][STATE] DEVICE READY ---> INITIALIZING TASK
[26075:internal-dpl-injected-dummy-sink]: [05:09:33][STATE] INITIALIZING TASK ---> READY
[26075:internal-dpl-injected-dummy-sink]: [05:09:33][STATE] READY ---> RUNNING
[26075:internal-dpl-injected-dummy-sink]: [05:09:33][INFO] fair::mq::Device running...
[26075:internal-dpl-injected-dummy-sink]: [05:09:33][INFO] LHCPeriod is not available, using current month DEC
[26075:internal-dpl-injected-dummy-sink]: [05:09:33][INFO] Correctly handshaken websocket connection.
[26074:tf-reader]: Info in <TJAlienConnectionManager>: Opening connection to JCentral. Please wait
[26074:tf-reader]: Info in <TJAlienConnectionManager>: Opening connection to 137.138.47.216
[26074:tf-reader]: Info in <TJAlienConnectionManager>: Successfully connected to 137.138.47.216
[26074:tf-reader]: [05:09:35][INFO] Input contains 5 files, 5 remote
[26074:tf-reader]: [05:09:35][INFO] FileFetcher tmp scratch directory is set to /tmp/Kok5dMhD
[26074:tf-reader]: [05:09:35][INFO] Executing sh -c "alien_cp alien:///alice/data/2022/JUN/517623/raw/1240/o2_rawtf_run00517623_tf00000001_epn010.tf file:///tmp/Kok5dMhD/U3atBRbyx2kg_alien____alice_data_2022_JUN_517623_raw_1240_o2_rawtf_run00517623_tf00000001_epn010.tf" >> /tmp/Kok5dMhD/copy-cmd.log  2>&1
[26074:tf-reader]: [05:09:35][STATE] INITIALIZING DEVICE ---> INITIALIZED
[26074:tf-reader]: [05:09:35][STATE] INITIALIZED ---> BINDING
[26074:tf-reader]: [05:09:35][STATE] BINDING ---> BOUND
[26074:tf-reader]: [05:09:35][STATE] BOUND ---> CONNECTING
[26074:tf-reader]: [05:09:35][STATE] CONNECTING ---> DEVICE READY
[26074:tf-reader]: [05:09:35][STATE] DEVICE READY ---> INITIALIZING TASK
[26074:tf-reader]: [05:09:35][STATE] INITIALIZING TASK ---> READY
[26074:tf-reader]: [05:09:35][STATE] READY ---> RUNNING
[26074:tf-reader]: [05:09:35][INFO] fair::mq::Device running...
[26074:tf-reader]: [05:09:35][INFO] LHCPeriod is not available, using current month DEC

